# JRE version: Java(TM) SE Runtime Environment (8.0_73-b02) (build 1.8.0_73-b02)
# Java VM: Java HotSpot(TM) 64-Bit Server VM (25.73-b02 mixed mode bsd-amd64 compressed oops)
Heap:
 PSYoungGen      total 130560K, used 52134K [0x00000007a0000000, 0x00000007a9280000, 0x00000007c0000000)
  eden space 123392K, 36% used [0x00000007a0000000,0x00000007a2bf7b90,0x00000007a7880000)
  from space 7168K, 99% used [0x00000007a8b80000,0x00000007a9271ca8,0x00000007a9280000)
  to   space 9728K, 0% used [0x00000007a7f80000,0x00000007a7f80000,0x00000007a8900000)
 ParOldGen       total 49152K, used 7688K [0x0000000760000000, 0x0000000763000000, 0x00000007a0000000)
  object space 49152K, 15% used [0x0000000760000000,0x00000007607821d8,0x0000000763000000)
 Metaspace       used 29447K, capacity 30016K, committed 30208K, reserved 1075200K
  class space    used 4154K, capacity 4318K, committed 4352K, reserved 1048576K
GC Heap History (10 events):
Event: 3.561 GC heap before
{Heap before GC invocations=3 (full 0):
 PSYoungGen      total 38400K, used 38388K [0x00000007a0000000, 0x00000007a4b00000, 0x00000007c0000000)
  eden space 33280K, 100% used [0x00000007a0000000,0x00000007a2080000,0x00000007a2080000)
  from space 5120K, 99% used [0x00000007a2580000,0x00000007a2a7d140,0x00000007a2a80000)
  to   space 5120K, 0% used [0x00000007a2080000,0x00000007a2080000,0x00000007a2580000)
 ParOldGen       total 87552K, used 526K [0x0000000760000000, 0x0000000765580000, 0x00000007a0000000)
  object space 87552K, 0% used [0x0000000760000000,0x0000000760083890,0x0000000765580000)
 Metaspace       used 15311K, capacity 15702K, committed 15872K, reserved 1062912K
  class space    used 2171K, capacity 2298K, committed 2304K, reserved 1048576K
Event: 3.587 GC heap after
Heap after GC invocations=3 (full 0):
 PSYoungGen      total 38400K, used 5095K [0x00000007a0000000, 0x00000007a4b00000, 0x00000007c0000000)
  eden space 33280K, 0% used [0x00000007a0000000,0x00000007a0000000,0x00000007a2080000)
  from space 5120K, 99% used [0x00000007a2080000,0x00000007a2579ee8,0x00000007a2580000)
  to   space 5120K, 0% used [0x00000007a4600000,0x00000007a4600000,0x00000007a4b00000)
 ParOldGen       total 87552K, used 2406K [0x0000000760000000, 0x0000000765580000, 0x00000007a0000000)
  object space 87552K, 2% used [0x0000000760000000,0x0000000760259930,0x0000000765580000)
 Metaspace       used 15311K, capacity 15702K, committed 15872K, reserved 1062912K
  class space    used 2171K, capacity 2298K, committed 2304K, reserved 1048576K
}
Event: 7.880 GC heap before
{Heap before GC invocations=4 (full 0):
 PSYoungGen      total 38400K, used 38375K [0x00000007a0000000, 0x00000007a4b00000, 0x00000007c0000000)
  eden space 33280K, 100% used [0x00000007a0000000,0x00000007a2080000,0x00000007a2080000)
  from space 5120K, 99% used [0x00000007a2080000,0x00000007a2579ee8,0x00000007a2580000)
  to   space 5120K, 0% used [0x00000007a4600000,0x00000007a4600000,0x00000007a4b00000)
 ParOldGen       total 87552K, used 2406K [0x0000000760000000, 0x0000000765580000, 0x00000007a0000000)
  object space 87552K, 2% used [0x0000000760000000,0x0000000760259930,0x0000000765580000)
 Metaspace       used 20459K, capacity 20958K, committed 21248K, reserved 1067008K
  class space    used 2851K, capacity 3020K, committed 3072K, reserved 1048576K
Event: 7.910 GC heap after
Heap after GC invocations=4 (full 0):
 PSYoungGen      total 71680K, used 5088K [0x00000007a0000000, 0x00000007a4b00000, 0x00000007c0000000)
  eden space 66560K, 0% used [0x00000007a0000000,0x00000007a0000000,0x00000007a4100000)
  from space 5120K, 99% used [0x00000007a4600000,0x00000007a4af8020,0x00000007a4b00000)
  to   space 5120K, 0% used [0x00000007a4100000,0x00000007a4100000,0x00000007a4600000)
 ParOldGen       total 87552K, used 6432K [0x0000000760000000, 0x0000000765580000, 0x00000007a0000000)
  object space 87552K, 7% used [0x0000000760000000,0x00000007606481c0,0x0000000765580000)
 Metaspace       used 20459K, capacity 20958K, committed 21248K, reserved 1067008K
  class space    used 2851K, capacity 3020K, committed 3072K, reserved 1048576K
}
Event: 7.980 GC heap before
{Heap before GC invocations=5 (full 0):
 PSYoungGen      total 71680K, used 9333K [0x00000007a0000000, 0x00000007a4b00000, 0x00000007c0000000)
  eden space 66560K, 6% used [0x00000007a0000000,0x00000007a0425578,0x00000007a4100000)
  from space 5120K, 99% used [0x00000007a4600000,0x00000007a4af8020,0x00000007a4b00000)
  to   space 5120K, 0% used [0x00000007a4100000,0x00000007a4100000,0x00000007a4600000)
 ParOldGen       total 87552K, used 6432K [0x0000000760000000, 0x0000000765580000, 0x00000007a0000000)
  object space 87552K, 7% used [0x0000000760000000,0x00000007606481c0,0x0000000765580000)
 Metaspace       used 20724K, capacity 21150K, committed 21248K, reserved 1067008K
  class space    used 2855K, capacity 3020K, committed 3072K, reserved 1048576K
Event: 8.012 GC heap after
Heap after GC invocations=5 (full 0):
 PSYoungGen      total 71680K, used 5115K [0x00000007a0000000, 0x00000007a9500000, 0x00000007c0000000)
  eden space 66560K, 0% used [0x00000007a0000000,0x00000007a0000000,0x00000007a4100000)
  from space 5120K, 99% used [0x00000007a4100000,0x00000007a45feff0,0x00000007a4600000)
  to   space 9728K, 0% used [0x00000007a8b80000,0x00000007a8b80000,0x00000007a9500000)
 ParOldGen       total 87552K, used 7580K [0x0000000760000000, 0x0000000765580000, 0x00000007a0000000)
  object space 87552K, 8% used [0x0000000760000000,0x0000000760767060,0x0000000765580000)
 Metaspace       used 20724K, capacity 21150K, committed 21248K, reserved 1067008K
  class space    used 2855K, capacity 3020K, committed 3072K, reserved 1048576K
}
Event: 8.012 GC heap before
{Heap before GC invocations=6 (full 1):
 PSYoungGen      total 71680K, used 5115K [0x00000007a0000000, 0x00000007a9500000, 0x00000007c0000000)
  eden space 66560K, 0% used [0x00000007a0000000,0x00000007a0000000,0x00000007a4100000)
  from space 5120K, 99% used [0x00000007a4100000,0x00000007a45feff0,0x00000007a4600000)
  to   space 9728K, 0% used [0x00000007a8b80000,0x00000007a8b80000,0x00000007a9500000)
 ParOldGen       total 87552K, used 7580K [0x0000000760000000, 0x0000000765580000, 0x00000007a0000000)
  object space 87552K, 8% used [0x0000000760000000,0x0000000760767060,0x0000000765580000)
 Metaspace       used 20724K, capacity 21150K, committed 21248K, reserved 1067008K
  class space    used 2855K, capacity 3020K, committed 3072K, reserved 1048576K
Event: 8.108 GC heap after
Heap after GC invocations=6 (full 1):
 PSYoungGen      total 71680K, used 0K [0x00000007a0000000, 0x00000007a9500000, 0x00000007c0000000)
  eden space 66560K, 0% used [0x00000007a0000000,0x00000007a0000000,0x00000007a4100000)
  from space 5120K, 0% used [0x00000007a4100000,0x00000007a4100000,0x00000007a4600000)
  to   space 9728K, 0% used [0x00000007a8b80000,0x00000007a8b80000,0x00000007a9500000)
 ParOldGen       total 49152K, used 7680K [0x0000000760000000, 0x0000000763000000, 0x00000007a0000000)
  object space 49152K, 15% used [0x0000000760000000,0x00000007607801d8,0x0000000763000000)
 Metaspace       used 20724K, capacity 21150K, committed 21248K, reserved 1067008K
  class space    used 2855K, capacity 3020K, committed 3072K, reserved 1048576K
}
Event: 11.576 GC heap before
{Heap before GC invocations=7 (full 1):
 PSYoungGen      total 71680K, used 66560K [0x00000007a0000000, 0x00000007a9500000, 0x00000007c0000000)
  eden space 66560K, 100% used [0x00000007a0000000,0x00000007a4100000,0x00000007a4100000)
  from space 5120K, 0% used [0x00000007a4100000,0x00000007a4100000,0x00000007a4600000)
  to   space 9728K, 0% used [0x00000007a8b80000,0x00000007a8b80000,0x00000007a9500000)
 ParOldGen       total 49152K, used 7680K [0x0000000760000000, 0x0000000763000000, 0x00000007a0000000)
  object space 49152K, 15% used [0x0000000760000000,0x00000007607801d8,0x0000000763000000)
 Metaspace       used 25887K, capacity 26452K, committed 26624K, reserved 1073152K
  class space    used 3657K, capacity 3819K, committed 3840K, reserved 1048576K
Event: 11.591 GC heap after
Heap after GC invocations=7 (full 1):
 PSYoungGen      total 130560K, used 7111K [0x00000007a0000000, 0x00000007a9280000, 0x00000007c0000000)
  eden space 123392K, 0% used [0x00000007a0000000,0x00000007a0000000,0x00000007a7880000)
  from space 7168K, 99% used [0x00000007a8b80000,0x00000007a9271ca8,0x00000007a9280000)
  to   space 9728K, 0% used [0x00000007a7f80000,0x00000007a7f80000,0x00000007a8900000)
 ParOldGen       total 49152K, used 7688K [0x0000000760000000, 0x0000000763000000, 0x00000007a0000000)
  object space 49152K, 15% used [0x0000000760000000,0x00000007607821d8,0x0000000763000000)
 Metaspace       used 25887K, capacity 26452K, committed 26624K, reserved 1073152K
  class space    used 3657K, capacity 3819K, committed 3840K, reserved 1048576K
}

