# JRE version: Java(TM) SE Runtime Environment (8.0_73-b02) (build 1.8.0_73-b02)
# Java VM: Java HotSpot(TM) 64-Bit Server VM (25.73-b02 mixed mode bsd-amd64 compressed oops)
Heap:
 PSYoungGen      total 72192K, used 14771K [0x00000007a0000000, 0x00000007a8200000, 0x00000007c0000000)
  eden space 61952K, 12% used [0x00000007a0000000,0x00000007a0763d70,0x00000007a3c80000)
  from space 10240K, 70% used [0x00000007a3c80000,0x00000007a43890d0,0x00000007a4680000)
  to   space 10240K, 0% used [0x00000007a7800000,0x00000007a7800000,0x00000007a8200000)
 ParOldGen       total 50176K, used 7550K [0x0000000760000000, 0x0000000763100000, 0x00000007a0000000)
  object space 50176K, 15% used [0x0000000760000000,0x000000076075f8e0,0x0000000763100000)
 Metaspace       used 28496K, capacity 28944K, committed 29312K, reserved 1075200K
  class space    used 3996K, capacity 4121K, committed 4224K, reserved 1048576K
GC Heap History (10 events):
Event: 8.819 GC heap before
{Heap before GC invocations=4 (full 0):
 PSYoungGen      total 38400K, used 37609K [0x00000007a0000000, 0x00000007a2a80000, 0x00000007c0000000)
  eden space 33280K, 97% used [0x00000007a0000000,0x00000007a1fbb300,0x00000007a2080000)
  from space 5120K, 99% used [0x00000007a2080000,0x00000007a257f218,0x00000007a2580000)
  to   space 5120K, 0% used [0x00000007a2580000,0x00000007a2580000,0x00000007a2a80000)
 ParOldGen       total 87552K, used 2095K [0x0000000760000000, 0x0000000765580000, 0x00000007a0000000)
  object space 87552K, 2% used [0x0000000760000000,0x000000076020bd08,0x0000000765580000)
 Metaspace       used 20234K, capacity 20636K, committed 20864K, reserved 1067008K
  class space    used 2816K, capacity 2941K, committed 2944K, reserved 1048576K
Event: 8.846 GC heap after
Heap after GC invocations=4 (full 0):
 PSYoungGen      total 38400K, used 5119K [0x00000007a0000000, 0x00000007a2a80000, 0x00000007c0000000)
  eden space 33280K, 0% used [0x00000007a0000000,0x00000007a0000000,0x00000007a2080000)
  from space 5120K, 99% used [0x00000007a2580000,0x00000007a2a7fc10,0x00000007a2a80000)
  to   space 5120K, 0% used [0x00000007a2080000,0x00000007a2080000,0x00000007a2580000)
 ParOldGen       total 87552K, used 6595K [0x0000000760000000, 0x0000000765580000, 0x00000007a0000000)
  object space 87552K, 7% used [0x0000000760000000,0x0000000760670ef8,0x0000000765580000)
 Metaspace       used 20234K, capacity 20636K, committed 20864K, reserved 1067008K
  class space    used 2816K, capacity 2941K, committed 2944K, reserved 1048576K
}
Event: 8.909 GC heap before
{Heap before GC invocations=5 (full 0):
 PSYoungGen      total 38400K, used 7805K [0x00000007a0000000, 0x00000007a2a80000, 0x00000007c0000000)
  eden space 33280K, 8% used [0x00000007a0000000,0x00000007a029f840,0x00000007a2080000)
  from space 5120K, 99% used [0x00000007a2580000,0x00000007a2a7fc10,0x00000007a2a80000)
  to   space 5120K, 0% used [0x00000007a2080000,0x00000007a2080000,0x00000007a2580000)
 ParOldGen       total 87552K, used 6595K [0x0000000760000000, 0x0000000765580000, 0x00000007a0000000)
  object space 87552K, 7% used [0x0000000760000000,0x0000000760670ef8,0x0000000765580000)
 Metaspace       used 20797K, capacity 21148K, committed 21296K, reserved 1067008K
  class space    used 2816K, capacity 2941K, committed 2944K, reserved 1048576K
Event: 8.930 GC heap after
Heap after GC invocations=5 (full 0):
 PSYoungGen      total 38400K, used 4608K [0x00000007a0000000, 0x00000007a5500000, 0x00000007c0000000)
  eden space 33280K, 0% used [0x00000007a0000000,0x00000007a0000000,0x00000007a2080000)
  from space 5120K, 90% used [0x00000007a2080000,0x00000007a2500020,0x00000007a2580000)
  to   space 10240K, 0% used [0x00000007a4b00000,0x00000007a4b00000,0x00000007a5500000)
 ParOldGen       total 87552K, used 7671K [0x0000000760000000, 0x0000000765580000, 0x00000007a0000000)
  object space 87552K, 8% used [0x0000000760000000,0x000000076077deb8,0x0000000765580000)
 Metaspace       used 20797K, capacity 21148K, committed 21296K, reserved 1067008K
  class space    used 2816K, capacity 2941K, committed 2944K, reserved 1048576K
}
Event: 8.930 GC heap before
{Heap before GC invocations=6 (full 1):
 PSYoungGen      total 38400K, used 4608K [0x00000007a0000000, 0x00000007a5500000, 0x00000007c0000000)
  eden space 33280K, 0% used [0x00000007a0000000,0x00000007a0000000,0x00000007a2080000)
  from space 5120K, 90% used [0x00000007a2080000,0x00000007a2500020,0x00000007a2580000)
  to   space 10240K, 0% used [0x00000007a4b00000,0x00000007a4b00000,0x00000007a5500000)
 ParOldGen       total 87552K, used 7671K [0x0000000760000000, 0x0000000765580000, 0x00000007a0000000)
  object space 87552K, 8% used [0x0000000760000000,0x000000076077deb8,0x0000000765580000)
 Metaspace       used 20797K, capacity 21148K, committed 21296K, reserved 1067008K
  class space    used 2816K, capacity 2941K, committed 2944K, reserved 1048576K
Event: 9.013 GC heap after
Heap after GC invocations=6 (full 1):
 PSYoungGen      total 38400K, used 0K [0x00000007a0000000, 0x00000007a5500000, 0x00000007c0000000)
  eden space 33280K, 0% used [0x00000007a0000000,0x00000007a0000000,0x00000007a2080000)
  from space 5120K, 0% used [0x00000007a2080000,0x00000007a2080000,0x00000007a2580000)
  to   space 10240K, 0% used [0x00000007a4b00000,0x00000007a4b00000,0x00000007a5500000)
 ParOldGen       total 50176K, used 7534K [0x0000000760000000, 0x0000000763100000, 0x00000007a0000000)
  object space 50176K, 15% used [0x0000000760000000,0x000000076075b8e0,0x0000000763100000)
 Metaspace       used 20797K, capacity 21148K, committed 21296K, reserved 1067008K
  class space    used 2816K, capacity 2941K, committed 2944K, reserved 1048576K
}
Event: 10.998 GC heap before
{Heap before GC invocations=7 (full 1):
 PSYoungGen      total 38400K, used 33280K [0x00000007a0000000, 0x00000007a5500000, 0x00000007c0000000)
  eden space 33280K, 100% used [0x00000007a0000000,0x00000007a2080000,0x00000007a2080000)
  from space 5120K, 0% used [0x00000007a2080000,0x00000007a2080000,0x00000007a2580000)
  to   space 10240K, 0% used [0x00000007a4b00000,0x00000007a4b00000,0x00000007a5500000)
 ParOldGen       total 50176K, used 7534K [0x0000000760000000, 0x0000000763100000, 0x00000007a0000000)
  object space 50176K, 15% used [0x0000000760000000,0x000000076075b8e0,0x0000000763100000)
 Metaspace       used 23294K, capacity 23642K, committed 23936K, reserved 1069056K
  class space    used 3234K, capacity 3338K, committed 3456K, reserved 1048576K
Event: 11.015 GC heap after
Heap after GC invocations=7 (full 1):
 PSYoungGen      total 67584K, used 4319K [0x00000007a0000000, 0x00000007a5080000, 0x00000007c0000000)
  eden space 61952K, 0% used [0x00000007a0000000,0x00000007a0000000,0x00000007a3c80000)
  from space 5632K, 76% used [0x00000007a4b00000,0x00000007a4f37ff0,0x00000007a5080000)
  to   space 10240K, 0% used [0x00000007a3c80000,0x00000007a3c80000,0x00000007a4680000)
 ParOldGen       total 50176K, used 7542K [0x0000000760000000, 0x0000000763100000, 0x00000007a0000000)
  object space 50176K, 15% used [0x0000000760000000,0x000000076075d8e0,0x0000000763100000)
 Metaspace       used 23294K, capacity 23642K, committed 23936K, reserved 1069056K
  class space    used 3234K, capacity 3338K, committed 3456K, reserved 1048576K
}
Event: 14.090 GC heap before
{Heap before GC invocations=8 (full 1):
 PSYoungGen      total 67584K, used 66271K [0x00000007a0000000, 0x00000007a5080000, 0x00000007c0000000)
  eden space 61952K, 100% used [0x00000007a0000000,0x00000007a3c80000,0x00000007a3c80000)
  from space 5632K, 76% used [0x00000007a4b00000,0x00000007a4f37ff0,0x00000007a5080000)
  to   space 10240K, 0% used [0x00000007a3c80000,0x00000007a3c80000,0x00000007a4680000)
 ParOldGen       total 50176K, used 7542K [0x0000000760000000, 0x0000000763100000, 0x00000007a0000000)
  object space 50176K, 15% used [0x0000000760000000,0x000000076075d8e0,0x0000000763100000)
 Metaspace       used 28299K, capacity 28752K, committed 29056K, reserved 1075200K
  class space    used 3986K, capacity 4121K, committed 4224K, reserved 1048576K
Event: 14.112 GC heap after
Heap after GC invocations=8 (full 1):
 PSYoungGen      total 72192K, used 7204K [0x00000007a0000000, 0x00000007a8200000, 0x00000007c0000000)
  eden space 61952K, 0% used [0x00000007a0000000,0x00000007a0000000,0x00000007a3c80000)
  from space 10240K, 70% used [0x00000007a3c80000,0x00000007a43890d0,0x00000007a4680000)
  to   space 10240K, 0% used [0x00000007a7800000,0x00000007a7800000,0x00000007a8200000)
 ParOldGen       total 50176K, used 7550K [0x0000000760000000, 0x0000000763100000, 0x00000007a0000000)
  object space 50176K, 15% used [0x0000000760000000,0x000000076075f8e0,0x0000000763100000)
 Metaspace       used 28299K, capacity 28752K, committed 29056K, reserved 1075200K
  class space    used 3986K, capacity 4121K, committed 4224K, reserved 1048576K
}

