# JRE version: Java(TM) SE Runtime Environment (8.0_73-b02) (build 1.8.0_73-b02)
# Java VM: Java HotSpot(TM) 64-Bit Server VM (25.73-b02 mixed mode bsd-amd64 compressed oops)
Heap:
 PSYoungGen      total 138240K, used 93619K [0x00000007a0000000, 0x00000007a8c00000, 0x00000007c0000000)
  eden space 133120K, 70% used [0x00000007a0000000,0x00000007a5b6cc18,0x00000007a8200000)
  from space 5120K, 0% used [0x00000007a8700000,0x00000007a8700000,0x00000007a8c00000)
  to   space 5120K, 0% used [0x00000007a8200000,0x00000007a8200000,0x00000007a8700000)
 ParOldGen       total 52224K, used 8082K [0x0000000760000000, 0x0000000763300000, 0x00000007a0000000)
  object space 52224K, 15% used [0x0000000760000000,0x00000007607e48d0,0x0000000763300000)
 Metaspace       used 26765K, capacity 27184K, committed 27520K, reserved 1073152K
  class space    used 3825K, capacity 3961K, committed 3968K, reserved 1048576K
GC Heap History (10 events):
Event: 1.243 GC heap before
{Heap before GC invocations=1 (full 0):
 PSYoungGen      total 38400K, used 33280K [0x00000007a0000000, 0x00000007a2a80000, 0x00000007c0000000)
  eden space 33280K, 100% used [0x00000007a0000000,0x00000007a2080000,0x00000007a2080000)
  from space 5120K, 0% used [0x00000007a2580000,0x00000007a2580000,0x00000007a2a80000)
  to   space 5120K, 0% used [0x00000007a2080000,0x00000007a2080000,0x00000007a2580000)
 ParOldGen       total 87552K, used 0K [0x0000000760000000, 0x0000000765580000, 0x00000007a0000000)
  object space 87552K, 0% used [0x0000000760000000,0x0000000760000000,0x0000000765580000)
 Metaspace       used 6729K, capacity 6900K, committed 7040K, reserved 1056768K
  class space    used 849K, capacity 892K, committed 896K, reserved 1048576K
Event: 1.265 GC heap after
Heap after GC invocations=1 (full 0):
 PSYoungGen      total 38400K, used 4058K [0x00000007a0000000, 0x00000007a4b00000, 0x00000007c0000000)
  eden space 33280K, 0% used [0x00000007a0000000,0x00000007a0000000,0x00000007a2080000)
  from space 5120K, 79% used [0x00000007a2080000,0x00000007a2476838,0x00000007a2580000)
  to   space 5120K, 0% used [0x00000007a4600000,0x00000007a4600000,0x00000007a4b00000)
 ParOldGen       total 87552K, used 8K [0x0000000760000000, 0x0000000765580000, 0x00000007a0000000)
  object space 87552K, 0% used [0x0000000760000000,0x0000000760002000,0x0000000765580000)
 Metaspace       used 6729K, capacity 6900K, committed 7040K, reserved 1056768K
  class space    used 849K, capacity 892K, committed 896K, reserved 1048576K
}
Event: 2.148 GC heap before
{Heap before GC invocations=2 (full 0):
 PSYoungGen      total 38400K, used 37338K [0x00000007a0000000, 0x00000007a4b00000, 0x00000007c0000000)
  eden space 33280K, 100% used [0x00000007a0000000,0x00000007a2080000,0x00000007a2080000)
  from space 5120K, 79% used [0x00000007a2080000,0x00000007a2476838,0x00000007a2580000)
  to   space 5120K, 0% used [0x00000007a4600000,0x00000007a4600000,0x00000007a4b00000)
 ParOldGen       total 87552K, used 8K [0x0000000760000000, 0x0000000765580000, 0x00000007a0000000)
  object space 87552K, 0% used [0x0000000760000000,0x0000000760002000,0x0000000765580000)
 Metaspace       used 12091K, capacity 12416K, committed 12800K, reserved 1060864K
  class space    used 1620K, capacity 1699K, committed 1792K, reserved 1048576K
Event: 2.160 GC heap after
Heap after GC invocations=2 (full 0):
 PSYoungGen      total 71680K, used 5105K [0x00000007a0000000, 0x00000007a4b00000, 0x00000007c0000000)
  eden space 66560K, 0% used [0x00000007a0000000,0x00000007a0000000,0x00000007a4100000)
  from space 5120K, 99% used [0x00000007a4600000,0x00000007a4afc5e0,0x00000007a4b00000)
  to   space 5120K, 0% used [0x00000007a4100000,0x00000007a4100000,0x00000007a4600000)
 ParOldGen       total 87552K, used 534K [0x0000000760000000, 0x0000000765580000, 0x00000007a0000000)
  object space 87552K, 0% used [0x0000000760000000,0x0000000760085890,0x0000000765580000)
 Metaspace       used 12091K, capacity 12416K, committed 12800K, reserved 1060864K
  class space    used 1620K, capacity 1699K, committed 1792K, reserved 1048576K
}
Event: 4.204 GC heap before
{Heap before GC invocations=3 (full 0):
 PSYoungGen      total 71680K, used 71433K [0x00000007a0000000, 0x00000007a4b00000, 0x00000007c0000000)
  eden space 66560K, 99% used [0x00000007a0000000,0x00000007a40c5fb8,0x00000007a4100000)
  from space 5120K, 99% used [0x00000007a4600000,0x00000007a4afc5e0,0x00000007a4b00000)
  to   space 5120K, 0% used [0x00000007a4100000,0x00000007a4100000,0x00000007a4600000)
 ParOldGen       total 87552K, used 534K [0x0000000760000000, 0x0000000765580000, 0x00000007a0000000)
  object space 87552K, 0% used [0x0000000760000000,0x0000000760085890,0x0000000765580000)
 Metaspace       used 20241K, capacity 20636K, committed 20864K, reserved 1067008K
  class space    used 2817K, capacity 2941K, committed 2944K, reserved 1048576K
Event: 4.247 GC heap after
Heap after GC invocations=3 (full 0):
 PSYoungGen      total 71680K, used 5119K [0x00000007a0000000, 0x00000007a8c00000, 0x00000007c0000000)
  eden space 66560K, 0% used [0x00000007a0000000,0x00000007a0000000,0x00000007a4100000)
  from space 5120K, 99% used [0x00000007a4100000,0x00000007a45ffc30,0x00000007a4600000)
  to   space 5120K, 0% used [0x00000007a8700000,0x00000007a8700000,0x00000007a8c00000)
 ParOldGen       total 87552K, used 7295K [0x0000000760000000, 0x0000000765580000, 0x00000007a0000000)
  object space 87552K, 8% used [0x0000000760000000,0x000000076071fd00,0x0000000765580000)
 Metaspace       used 20241K, capacity 20636K, committed 20864K, reserved 1067008K
  class space    used 2817K, capacity 2941K, committed 2944K, reserved 1048576K
}
Event: 4.279 GC heap before
{Heap before GC invocations=4 (full 0):
 PSYoungGen      total 71680K, used 9029K [0x00000007a0000000, 0x00000007a8c00000, 0x00000007c0000000)
  eden space 66560K, 5% used [0x00000007a0000000,0x00000007a03d1890,0x00000007a4100000)
  from space 5120K, 99% used [0x00000007a4100000,0x00000007a45ffc30,0x00000007a4600000)
  to   space 5120K, 0% used [0x00000007a8700000,0x00000007a8700000,0x00000007a8c00000)
 ParOldGen       total 87552K, used 7295K [0x0000000760000000, 0x0000000765580000, 0x00000007a0000000)
  object space 87552K, 8% used [0x0000000760000000,0x000000076071fd00,0x0000000765580000)
 Metaspace       used 20807K, capacity 21148K, committed 21296K, reserved 1067008K
  class space    used 2817K, capacity 2941K, committed 2944K, reserved 1048576K
Event: 4.299 GC heap after
Heap after GC invocations=4 (full 0):
 PSYoungGen      total 138240K, used 5099K [0x00000007a0000000, 0x00000007a8c00000, 0x00000007c0000000)
  eden space 133120K, 0% used [0x00000007a0000000,0x00000007a0000000,0x00000007a8200000)
  from space 5120K, 99% used [0x00000007a8700000,0x00000007a8bfafc0,0x00000007a8c00000)
  to   space 5120K, 0% used [0x00000007a8200000,0x00000007a8200000,0x00000007a8700000)
 ParOldGen       total 87552K, used 8036K [0x0000000760000000, 0x0000000765580000, 0x00000007a0000000)
  object space 87552K, 9% used [0x0000000760000000,0x00000007607d90c0,0x0000000765580000)
 Metaspace       used 20807K, capacity 21148K, committed 21296K, reserved 1067008K
  class space    used 2817K, capacity 2941K, committed 2944K, reserved 1048576K
}
Event: 4.299 GC heap before
{Heap before GC invocations=5 (full 1):
 PSYoungGen      total 138240K, used 5099K [0x00000007a0000000, 0x00000007a8c00000, 0x00000007c0000000)
  eden space 133120K, 0% used [0x00000007a0000000,0x00000007a0000000,0x00000007a8200000)
  from space 5120K, 99% used [0x00000007a8700000,0x00000007a8bfafc0,0x00000007a8c00000)
  to   space 5120K, 0% used [0x00000007a8200000,0x00000007a8200000,0x00000007a8700000)
 ParOldGen       total 87552K, used 8036K [0x0000000760000000, 0x0000000765580000, 0x00000007a0000000)
  object space 87552K, 9% used [0x0000000760000000,0x00000007607d90c0,0x0000000765580000)
 Metaspace       used 20807K, capacity 21148K, committed 21296K, reserved 1067008K
  class space    used 2817K, capacity 2941K, committed 2944K, reserved 1048576K
Event: 4.360 GC heap after
Heap after GC invocations=5 (full 1):
 PSYoungGen      total 138240K, used 0K [0x00000007a0000000, 0x00000007a8c00000, 0x00000007c0000000)
  eden space 133120K, 0% used [0x00000007a0000000,0x00000007a0000000,0x00000007a8200000)
  from space 5120K, 0% used [0x00000007a8700000,0x00000007a8700000,0x00000007a8c00000)
  to   space 5120K, 0% used [0x00000007a8200000,0x00000007a8200000,0x00000007a8700000)
 ParOldGen       total 52224K, used 8082K [0x0000000760000000, 0x0000000763300000, 0x00000007a0000000)
  object space 52224K, 15% used [0x0000000760000000,0x00000007607e48d0,0x0000000763300000)
 Metaspace       used 20807K, capacity 21148K, committed 21296K, reserved 1067008K
  class space    used 2817K, capacity 2941K, committed 2944K, reserved 1048576K
}

