# JRE version: Java(TM) SE Runtime Environment (8.0_73-b02) (build 1.8.0_73-b02)
# Java VM: Java HotSpot(TM) 64-Bit Server VM (25.73-b02 mixed mode bsd-amd64 compressed oops)
Heap:
 PSYoungGen      total 498688K, used 340291K [0x00000007a0000000, 0x00000007c0000000, 0x00000007c0000000)
  eden space 472064K, 70% used [0x00000007a0000000,0x00000007b4307ed8,0x00000007bcd00000)
  from space 26624K, 35% used [0x00000007be600000,0x00000007bef48e60,0x00000007c0000000)
  to   space 25600K, 0% used [0x00000007bcd00000,0x00000007bcd00000,0x00000007be600000)
 ParOldGen       total 101376K, used 47195K [0x0000000760000000, 0x0000000766300000, 0x00000007a0000000)
  object space 101376K, 46% used [0x0000000760000000,0x0000000762e16f60,0x0000000766300000)
 Metaspace       used 70108K, capacity 73250K, committed 73304K, reserved 1112064K
  class space    used 9200K, capacity 9824K, committed 9856K, reserved 1048576K
GC Heap History (10 events):
Event: 15.219 GC heap before
{Heap before GC invocations=11 (full 2):
 PSYoungGen      total 245248K, used 232448K [0x00000007a0000000, 0x00000007b0f80000, 0x00000007c0000000)
  eden space 232448K, 100% used [0x00000007a0000000,0x00000007ae300000,0x00000007ae300000)
  from space 12800K, 0% used [0x00000007aef80000,0x00000007aef80000,0x00000007afc00000)
  to   space 12800K, 0% used [0x00000007ae300000,0x00000007ae300000,0x00000007aef80000)
 ParOldGen       total 59392K, used 14648K [0x0000000760000000, 0x0000000763a00000, 0x00000007a0000000)
  object space 59392K, 24% used [0x0000000760000000,0x0000000760e4e180,0x0000000763a00000)
 Metaspace       used 48202K, capacity 49272K, committed 49496K, reserved 1091584K
  class space    used 6409K, capacity 6668K, committed 6784K, reserved 1048576K
Event: 15.262 GC heap after
Heap after GC invocations=11 (full 2):
 PSYoungGen      total 245248K, used 12788K [0x00000007a0000000, 0x00000007b7f00000, 0x00000007c0000000)
  eden space 232448K, 0% used [0x00000007a0000000,0x00000007a0000000,0x00000007ae300000)
  from space 12800K, 99% used [0x00000007ae300000,0x00000007aef7d050,0x00000007aef80000)
  to   space 16896K, 0% used [0x00000007b6e80000,0x00000007b6e80000,0x00000007b7f00000)
 ParOldGen       total 59392K, used 20685K [0x0000000760000000, 0x0000000763a00000, 0x00000007a0000000)
  object space 59392K, 34% used [0x0000000760000000,0x0000000761433518,0x0000000763a00000)
 Metaspace       used 48202K, capacity 49272K, committed 49496K, reserved 1091584K
  class space    used 6409K, capacity 6668K, committed 6784K, reserved 1048576K
}
Event: 271.313 GC heap before
{Heap before GC invocations=12 (full 2):
 PSYoungGen      total 245248K, used 245236K [0x00000007a0000000, 0x00000007b7f00000, 0x00000007c0000000)
  eden space 232448K, 100% used [0x00000007a0000000,0x00000007ae300000,0x00000007ae300000)
  from space 12800K, 99% used [0x00000007ae300000,0x00000007aef7d050,0x00000007aef80000)
  to   space 16896K, 0% used [0x00000007b6e80000,0x00000007b6e80000,0x00000007b7f00000)
 ParOldGen       total 59392K, used 20685K [0x0000000760000000, 0x0000000763a00000, 0x00000007a0000000)
  object space 59392K, 34% used [0x0000000760000000,0x0000000761433518,0x0000000763a00000)
 Metaspace       used 49683K, capacity 51064K, committed 51288K, reserved 1093632K
  class space    used 6493K, capacity 6752K, committed 6784K, reserved 1048576K
Event: 271.361 GC heap after
Heap after GC invocations=12 (full 2):
 PSYoungGen      total 369152K, used 14092K [0x00000007a0000000, 0x00000007b7d00000, 0x00000007c0000000)
  eden space 354304K, 0% used [0x00000007a0000000,0x00000007a0000000,0x00000007b5a00000)
  from space 14848K, 94% used [0x00000007b6e80000,0x00000007b7c43370,0x00000007b7d00000)
  to   space 17920K, 0% used [0x00000007b5a00000,0x00000007b5a00000,0x00000007b6b80000)
 ParOldGen       total 59392K, used 20693K [0x0000000760000000, 0x0000000763a00000, 0x00000007a0000000)
  object space 59392K, 34% used [0x0000000760000000,0x0000000761435518,0x0000000763a00000)
 Metaspace       used 49683K, capacity 51064K, committed 51288K, reserved 1093632K
  class space    used 6493K, capacity 6752K, committed 6784K, reserved 1048576K
}
Event: 276.005 GC heap before
{Heap before GC invocations=13 (full 2):
 PSYoungGen      total 369152K, used 249727K [0x00000007a0000000, 0x00000007b7d00000, 0x00000007c0000000)
  eden space 354304K, 66% used [0x00000007a0000000,0x00000007ae61ca78,0x00000007b5a00000)
  from space 14848K, 94% used [0x00000007b6e80000,0x00000007b7c43370,0x00000007b7d00000)
  to   space 17920K, 0% used [0x00000007b5a00000,0x00000007b5a00000,0x00000007b6b80000)
 ParOldGen       total 59392K, used 20693K [0x0000000760000000, 0x0000000763a00000, 0x00000007a0000000)
  object space 59392K, 34% used [0x0000000760000000,0x0000000761435518,0x0000000763a00000)
 Metaspace       used 56756K, capacity 59002K, committed 59028K, reserved 1099776K
  class space    used 7712K, capacity 8171K, committed 8192K, reserved 1048576K
Event: 276.087 GC heap after
Heap after GC invocations=13 (full 2):
 PSYoungGen      total 372224K, used 17920K [0x00000007a0000000, 0x00000007c0000000, 0x00000007c0000000)
  eden space 354304K, 0% used [0x00000007a0000000,0x00000007a0000000,0x00000007b5a00000)
  from space 17920K, 100% used [0x00000007b5a00000,0x00000007b6b80000,0x00000007b6b80000)
  to   space 26624K, 0% used [0x00000007be600000,0x00000007be600000,0x00000007c0000000)
 ParOldGen       total 59392K, used 37365K [0x0000000760000000, 0x0000000763a00000, 0x00000007a0000000)
  object space 59392K, 62% used [0x0000000760000000,0x000000076247d530,0x0000000763a00000)
 Metaspace       used 56756K, capacity 59002K, committed 59028K, reserved 1099776K
  class space    used 7712K, capacity 8171K, committed 8192K, reserved 1048576K
}
Event: 276.087 GC heap before
{Heap before GC invocations=14 (full 3):
 PSYoungGen      total 372224K, used 17920K [0x00000007a0000000, 0x00000007c0000000, 0x00000007c0000000)
  eden space 354304K, 0% used [0x00000007a0000000,0x00000007a0000000,0x00000007b5a00000)
  from space 17920K, 100% used [0x00000007b5a00000,0x00000007b6b80000,0x00000007b6b80000)
  to   space 26624K, 0% used [0x00000007be600000,0x00000007be600000,0x00000007c0000000)
 ParOldGen       total 59392K, used 37365K [0x0000000760000000, 0x0000000763a00000, 0x00000007a0000000)
  object space 59392K, 62% used [0x0000000760000000,0x000000076247d530,0x0000000763a00000)
 Metaspace       used 56756K, capacity 59002K, committed 59028K, reserved 1099776K
  class space    used 7712K, capacity 8171K, committed 8192K, reserved 1048576K
Event: 276.576 GC heap after
Heap after GC invocations=14 (full 3):
 PSYoungGen      total 372224K, used 0K [0x00000007a0000000, 0x00000007c0000000, 0x00000007c0000000)
  eden space 354304K, 0% used [0x00000007a0000000,0x00000007a0000000,0x00000007b5a00000)
  from space 17920K, 0% used [0x00000007b5a00000,0x00000007b5a00000,0x00000007b6b80000)
  to   space 26624K, 0% used [0x00000007be600000,0x00000007be600000,0x00000007c0000000)
 ParOldGen       total 101376K, used 47187K [0x0000000760000000, 0x0000000766300000, 0x00000007a0000000)
  object space 101376K, 46% used [0x0000000760000000,0x0000000762e14f60,0x0000000766300000)
 Metaspace       used 56756K, capacity 59002K, committed 59028K, reserved 1099776K
  class space    used 7712K, capacity 8171K, committed 8192K, reserved 1048576K
}
Event: 838.662 GC heap before
{Heap before GC invocations=15 (full 3):
 PSYoungGen      total 372224K, used 354304K [0x00000007a0000000, 0x00000007c0000000, 0x00000007c0000000)
  eden space 354304K, 100% used [0x00000007a0000000,0x00000007b5a00000,0x00000007b5a00000)
  from space 17920K, 0% used [0x00000007b5a00000,0x00000007b5a00000,0x00000007b6b80000)
  to   space 26624K, 0% used [0x00000007be600000,0x00000007be600000,0x00000007c0000000)
 ParOldGen       total 101376K, used 47187K [0x0000000760000000, 0x0000000766300000, 0x00000007a0000000)
  object space 101376K, 46% used [0x0000000760000000,0x0000000762e14f60,0x0000000766300000)
 Metaspace       used 62878K, capacity 65748K, committed 65880K, reserved 1105920K
  class space    used 8452K, capacity 8987K, committed 9088K, reserved 1048576K
Event: 838.861 GC heap after
Heap after GC invocations=15 (full 3):
 PSYoungGen      total 498688K, used 9507K [0x00000007a0000000, 0x00000007c0000000, 0x00000007c0000000)
  eden space 472064K, 0% used [0x00000007a0000000,0x00000007a0000000,0x00000007bcd00000)
  from space 26624K, 35% used [0x00000007be600000,0x00000007bef48e60,0x00000007c0000000)
  to   space 25600K, 0% used [0x00000007bcd00000,0x00000007bcd00000,0x00000007be600000)
 ParOldGen       total 101376K, used 47195K [0x0000000760000000, 0x0000000766300000, 0x00000007a0000000)
  object space 101376K, 46% used [0x0000000760000000,0x0000000762e16f60,0x0000000766300000)
 Metaspace       used 62878K, capacity 65748K, committed 65880K, reserved 1105920K
  class space    used 8452K, capacity 8987K, committed 9088K, reserved 1048576K
}

